[debug] [2018-11-05T01:33:38.819Z] ----------------------------------------------------------------------
[debug] [2018-11-05T01:33:38.822Z] Command:       /Users/tejasmehta/.nvm/versions/node/v10.1.0/bin/node /Users/tejasmehta/.nvm/versions/node/v10.1.0/bin/firebase deploy
[debug] [2018-11-05T01:33:38.822Z] CLI Version:   3.18.4
[debug] [2018-11-05T01:33:38.822Z] Platform:      darwin
[debug] [2018-11-05T01:33:38.822Z] Node Version:  v10.1.0
[debug] [2018-11-05T01:33:38.822Z] Time:          Sun Nov 04 2018 19:33:38 GMT-0600 (CST)
[debug] [2018-11-05T01:33:38.823Z] ----------------------------------------------------------------------
[debug] 
[debug] [2018-11-05T01:33:38.833Z] > command requires scopes: ["email","openid","https://www.googleapis.com/auth/cloudplatformprojects.readonly","https://www.googleapis.com/auth/firebase","https://www.googleapis.com/auth/cloud-platform"]
[debug] [2018-11-05T01:33:38.833Z] > authorizing via signed-in user
[debug] [2018-11-05T01:33:38.836Z] >>> HTTP REQUEST GET https://admin.firebase.com/v1/projects/stressv3-d1fcf  
  
 Sun Nov 04 2018 19:33:38 GMT-0600 (CST)
[debug] [2018-11-05T01:33:39.172Z] <<< HTTP RESPONSE 200
[debug] [2018-11-05T01:33:39.173Z] >>> HTTP REQUEST GET https://admin.firebase.com/v1/database/stressv3-d1fcf/tokens  
  
 Sun Nov 04 2018 19:33:39 GMT-0600 (CST)
[debug] [2018-11-05T01:33:39.422Z] <<< HTTP RESPONSE 200
[info] 
[info] === Deploying to 'stressv3-d1fcf'...
[info] 
[info] i  deploying database, hosting
[info] i  database: checking rules syntax...
[debug] [2018-11-05T01:33:39.567Z] >>> HTTP REQUEST PUT https://stressv3-d1fcf.firebaseio.com/.settings/rules.json?dryRun=true  
 {
  "rules": {
    ".read": true,
    ".write": true
  }
}
 
 Sun Nov 04 2018 19:33:39 GMT-0600 (CST)
[debug] [2018-11-05T01:33:39.929Z] <<< HTTP RESPONSE 200
[info] ✔  database: rules syntax for database stressv3-d1fcf is valid
[info] i  hosting: preparing public directory for upload...
[debug] [2018-11-05T01:33:41.007Z] >>> HTTP REQUEST PUT https://deploy.firebase.com/v1/hosting/stressv3-d1fcf/uploads/-LQWVF2AtZew94-n_XKU?fileCount=21&message=  
  
 Sun Nov 04 2018 19:33:41 GMT-0600 (CST)
[debug] [2018-11-05T01:33:46.381Z] <<< HTTP RESPONSE 410
[debug] [2018-11-05T01:33:46.381Z] <<< HTTP RESPONSE BODY undefined
[debug] [2018-11-05T01:33:46.382Z] TypeError: Cannot read property 'error' of undefined
    at module.exports (/Users/tejasmehta/.nvm/versions/node/v10.1.0/lib/node_modules/firebase-tools/lib/responseToError.js:10:13)
    at Request._callback (/Users/tejasmehta/.nvm/versions/node/v10.1.0/lib/node_modules/firebase-tools/lib/api.js:47:25)
    at Request.self.callback (/Users/tejasmehta/.nvm/versions/node/v10.1.0/lib/node_modules/firebase-tools/node_modules/request/request.js:186:22)
    at Request.emit (events.js:182:13)
    at Request.EventEmitter.emit (domain.js:442:20)
    at Request.<anonymous> (/Users/tejasmehta/.nvm/versions/node/v10.1.0/lib/node_modules/firebase-tools/node_modules/request/request.js:1163:10)
    at Request.emit (events.js:182:13)
    at Request.EventEmitter.emit (domain.js:442:20)
    at IncomingMessage.<anonymous> (/Users/tejasmehta/.nvm/versions/node/v10.1.0/lib/node_modules/firebase-tools/node_modules/request/request.js:1085:12)
    at Object.onceWrapper (events.js:273:13)
[error] 
[error] Error: An unexpected error has occurred.
[debug] [2018-11-05T01:34:25.038Z] ----------------------------------------------------------------------
[debug] [2018-11-05T01:34:25.042Z] Command:       /Users/tejasmehta/.nvm/versions/node/v10.1.0/bin/node /Users/tejasmehta/.nvm/versions/node/v10.1.0/bin/firebase deploy --debug
[debug] [2018-11-05T01:34:25.047Z] CLI Version:   3.18.4
[debug] [2018-11-05T01:34:25.047Z] Platform:      darwin
[debug] [2018-11-05T01:34:25.047Z] Node Version:  v10.1.0
[debug] [2018-11-05T01:34:25.048Z] Time:          Sun Nov 04 2018 19:34:25 GMT-0600 (CST)
[debug] [2018-11-05T01:34:25.048Z] ----------------------------------------------------------------------
[debug] 
[debug] [2018-11-05T01:34:25.081Z] > command requires scopes: ["email","openid","https://www.googleapis.com/auth/cloudplatformprojects.readonly","https://www.googleapis.com/auth/firebase","https://www.googleapis.com/auth/cloud-platform"]
[debug] [2018-11-05T01:34:25.081Z] > authorizing via signed-in user
[debug] [2018-11-05T01:34:25.119Z] >>> HTTP REQUEST GET https://admin.firebase.com/v1/projects/stressv3-d1fcf  
  
 Sun Nov 04 2018 19:34:25 GMT-0600 (CST)
[debug] [2018-11-05T01:34:25.428Z] <<< HTTP RESPONSE 200
[debug] [2018-11-05T01:34:25.430Z] >>> HTTP REQUEST GET https://admin.firebase.com/v1/database/stressv3-d1fcf/tokens  
  
 Sun Nov 04 2018 19:34:25 GMT-0600 (CST)
[debug] [2018-11-05T01:34:25.806Z] <<< HTTP RESPONSE 200
[info] 
[info] === Deploying to 'stressv3-d1fcf'...
[info] 
[info] i  deploying database, hosting
[info] i  database: checking rules syntax...
[debug] [2018-11-05T01:34:25.961Z] >>> HTTP REQUEST PUT https://stressv3-d1fcf.firebaseio.com/.settings/rules.json?dryRun=true  
 {
  "rules": {
    ".read": true,
    ".write": true
  }
}
 
 Sun Nov 04 2018 19:34:25 GMT-0600 (CST)
[debug] [2018-11-05T01:34:26.317Z] <<< HTTP RESPONSE 200
[info] ✔  database: rules syntax for database stressv3-d1fcf is valid
[info] i  hosting: preparing public directory for upload...
[debug] [2018-11-05T01:34:27.726Z] >>> HTTP REQUEST PUT https://deploy.firebase.com/v1/hosting/stressv3-d1fcf/uploads/-LQWVQN3Ov3jfk5LW-Ix?fileCount=21&message=  
  
 Sun Nov 04 2018 19:34:27 GMT-0600 (CST)
[debug] [2018-11-05T01:34:36.872Z] <<< HTTP RESPONSE 410
[debug] [2018-11-05T01:34:36.872Z] <<< HTTP RESPONSE BODY undefined
[debug] [2018-11-05T01:34:36.875Z] TypeError: Cannot read property 'error' of undefined
    at module.exports (/Users/tejasmehta/.nvm/versions/node/v10.1.0/lib/node_modules/firebase-tools/lib/responseToError.js:10:13)
    at Request._callback (/Users/tejasmehta/.nvm/versions/node/v10.1.0/lib/node_modules/firebase-tools/lib/api.js:47:25)
    at Request.self.callback (/Users/tejasmehta/.nvm/versions/node/v10.1.0/lib/node_modules/firebase-tools/node_modules/request/request.js:186:22)
    at Request.emit (events.js:182:13)
    at Request.EventEmitter.emit (domain.js:442:20)
    at Request.<anonymous> (/Users/tejasmehta/.nvm/versions/node/v10.1.0/lib/node_modules/firebase-tools/node_modules/request/request.js:1163:10)
    at Request.emit (events.js:182:13)
    at Request.EventEmitter.emit (domain.js:442:20)
    at IncomingMessage.<anonymous> (/Users/tejasmehta/.nvm/versions/node/v10.1.0/lib/node_modules/firebase-tools/node_modules/request/request.js:1085:12)
    at Object.onceWrapper (events.js:273:13)
[error] 
[error] Error: An unexpected error has occurred.
